ActiveRecord::UnknownAttributeError - unknown attribute: email_id:
	c:/Ruby193/lib/ruby/gems/1.9.1/gems/activerecord-4.1.8/lib/active_record/attribute_assignment.rb:50:in `rescue in _assign_attribute'
	c:/Ruby193/lib/ruby/gems/1.9.1/gems/activerecord-4.1.8/lib/active_record/attribute_assignment.rb:45:in `_assign_attribute'
	c:/Ruby193/lib/ruby/gems/1.9.1/gems/activerecord-4.1.8/lib/active_record/attribute_assignment.rb:32:in `block in assign_attributes'
	c:/Ruby193/lib/ruby/gems/1.9.1/gems/activerecord-4.1.8/lib/active_record/attribute_assignment.rb:26:in `each'
	c:/Ruby193/lib/ruby/gems/1.9.1/gems/activerecord-4.1.8/lib/active_record/attribute_assignment.rb:26:in `assign_attributes'
	c:/Ruby193/lib/ruby/gems/1.9.1/gems/activerecord-4.1.8/lib/active_record/core.rb:453:in `init_attributes'
	c:/Ruby193/lib/ruby/gems/1.9.1/gems/activerecord-4.1.8/lib/active_record/core.rb:196:in `initialize'
	c:/Ruby193/lib/ruby/gems/1.9.1/gems/activerecord-4.1.8/lib/active_record/inheritance.rb:30:in `new'
	c:/Ruby193/lib/ruby/gems/1.9.1/gems/activerecord-4.1.8/lib/active_record/inheritance.rb:30:in `new'
	c:/Ruby193/lib/ruby/gems/1.9.1/gems/activerecord-4.1.8/lib/active_record/persistence.rb:33:in `create'
	H:/Documents/web_accessibility/lib/databaseAccess.rb:53:in `persistURLS'
	H:/Documents/web_accessibility/app.rb:77:in `block in <top (required)>'
	c:/Ruby193/lib/ruby/gems/1.9.1/gems/sinatra-1.4.5/lib/sinatra/base.rb:1603:in `call'
	c:/Ruby193/lib/ruby/gems/1.9.1/gems/sinatra-1.4.5/lib/sinatra/base.rb:1603:in `block in compile!'
	c:/Ruby193/lib/ruby/gems/1.9.1/gems/sinatra-1.4.5/lib/sinatra/base.rb:966:in `[]'
	c:/Ruby193/lib/ruby/gems/1.9.1/gems/sinatra-1.4.5/lib/sinatra/base.rb:966:in `block (3 levels) in route!'
	c:/Ruby193/lib/ruby/gems/1.9.1/gems/sinatra-1.4.5/lib/sinatra/base.rb:985:in `route_eval'
	c:/Ruby193/lib/ruby/gems/1.9.1/gems/sinatra-1.4.5/lib/sinatra/base.rb:966:in `block (2 levels) in route!'
	c:/Ruby193/lib/ruby/gems/1.9.1/gems/sinatra-1.4.5/lib/sinatra/base.rb:1006:in `block in process_route'
	c:/Ruby193/lib/ruby/gems/1.9.1/gems/sinatra-1.4.5/lib/sinatra/base.rb:1004:in `catch'
	c:/Ruby193/lib/ruby/gems/1.9.1/gems/sinatra-1.4.5/lib/sinatra/base.rb:1004:in `process_route'
	c:/Ruby193/lib/ruby/gems/1.9.1/gems/sinatra-1.4.5/lib/sinatra/base.rb:964:in `block in route!'
	c:/Ruby193/lib/ruby/gems/1.9.1/gems/sinatra-1.4.5/lib/sinatra/base.rb:963:in `each'
	c:/Ruby193/lib/ruby/gems/1.9.1/gems/sinatra-1.4.5/lib/sinatra/base.rb:963:in `route!'
	c:/Ruby193/lib/ruby/gems/1.9.1/gems/sinatra-1.4.5/lib/sinatra/base.rb:1076:in `block in dispatch!'
	c:/Ruby193/lib/ruby/gems/1.9.1/gems/sinatra-1.4.5/lib/sinatra/base.rb:1058:in `block in invoke'
	c:/Ruby193/lib/ruby/gems/1.9.1/gems/sinatra-1.4.5/lib/sinatra/base.rb:1058:in `catch'
	c:/Ruby193/lib/ruby/gems/1.9.1/gems/sinatra-1.4.5/lib/sinatra/base.rb:1058:in `invoke'
	c:/Ruby193/lib/ruby/gems/1.9.1/gems/sinatra-1.4.5/lib/sinatra/base.rb:1073:in `dispatch!'
	c:/Ruby193/lib/ruby/gems/1.9.1/gems/sinatra-1.4.5/lib/sinatra/base.rb:898:in `block in call!'
	c:/Ruby193/lib/ruby/gems/1.9.1/gems/sinatra-1.4.5/lib/sinatra/base.rb:1058:in `block in invoke'
	c:/Ruby193/lib/ruby/gems/1.9.1/gems/sinatra-1.4.5/lib/sinatra/base.rb:1058:in `catch'
	c:/Ruby193/lib/ruby/gems/1.9.1/gems/sinatra-1.4.5/lib/sinatra/base.rb:1058:in `invoke'
	c:/Ruby193/lib/ruby/gems/1.9.1/gems/sinatra-1.4.5/lib/sinatra/base.rb:898:in `call!'
	c:/Ruby193/lib/ruby/gems/1.9.1/gems/sinatra-1.4.5/lib/sinatra/base.rb:886:in `call'
	c:/Ruby193/lib/ruby/gems/1.9.1/gems/rack-1.5.2/lib/rack/commonlogger.rb:33:in `call'
	c:/Ruby193/lib/ruby/gems/1.9.1/gems/sinatra-1.4.5/lib/sinatra/base.rb:217:in `call'
	c:/Ruby193/lib/ruby/gems/1.9.1/gems/rack-protection-1.5.3/lib/rack/protection/xss_header.rb:18:in `call'
	c:/Ruby193/lib/ruby/gems/1.9.1/gems/rack-protection-1.5.3/lib/rack/protection/path_traversal.rb:16:in `call'
	c:/Ruby193/lib/ruby/gems/1.9.1/gems/rack-protection-1.5.3/lib/rack/protection/json_csrf.rb:18:in `call'
	c:/Ruby193/lib/ruby/gems/1.9.1/gems/rack-protection-1.5.3/lib/rack/protection/base.rb:49:in `call'
	c:/Ruby193/lib/ruby/gems/1.9.1/gems/rack-protection-1.5.3/lib/rack/protection/base.rb:49:in `call'
	c:/Ruby193/lib/ruby/gems/1.9.1/gems/rack-protection-1.5.3/lib/rack/protection/frame_options.rb:31:in `call'
	c:/Ruby193/lib/ruby/gems/1.9.1/gems/rack-1.5.2/lib/rack/logger.rb:15:in `call'
	c:/Ruby193/lib/ruby/gems/1.9.1/gems/sinatra-1.4.5/lib/sinatra/base.rb:210:in `call'
	c:/Ruby193/lib/ruby/gems/1.9.1/gems/rack-1.5.2/lib/rack/head.rb:11:in `call'
	c:/Ruby193/lib/ruby/gems/1.9.1/gems/rack-1.5.2/lib/rack/methodoverride.rb:21:in `call'
	c:/Ruby193/lib/ruby/gems/1.9.1/gems/sinatra-1.4.5/lib/sinatra/show_exceptions.rb:21:in `call'
	c:/Ruby193/lib/ruby/gems/1.9.1/gems/sinatra-1.4.5/lib/sinatra/base.rb:180:in `call'
	c:/Ruby193/lib/ruby/gems/1.9.1/gems/sinatra-1.4.5/lib/sinatra/base.rb:2014:in `call'
	c:/Ruby193/lib/ruby/gems/1.9.1/gems/sinatra-1.4.5/lib/sinatra/base.rb:1478:in `block in call'
	c:/Ruby193/lib/ruby/gems/1.9.1/gems/sinatra-1.4.5/lib/sinatra/base.rb:1788:in `synchronize'
	c:/Ruby193/lib/ruby/gems/1.9.1/gems/sinatra-1.4.5/lib/sinatra/base.rb:1478:in `call'
	c:/Ruby193/lib/ruby/gems/1.9.1/gems/rack-1.5.2/lib/rack/lint.rb:49:in `_call'
	c:/Ruby193/lib/ruby/gems/1.9.1/gems/rack-1.5.2/lib/rack/lint.rb:37:in `call'
	c:/Ruby193/lib/ruby/gems/1.9.1/gems/rack-1.5.2/lib/rack/showexceptions.rb:24:in `call'
	c:/Ruby193/lib/ruby/gems/1.9.1/gems/rack-1.5.2/lib/rack/commonlogger.rb:33:in `call'
	c:/Ruby193/lib/ruby/gems/1.9.1/gems/sinatra-1.4.5/lib/sinatra/base.rb:217:in `call'
	c:/Ruby193/lib/ruby/gems/1.9.1/gems/rack-1.5.2/lib/rack/chunked.rb:43:in `call'
	c:/Ruby193/lib/ruby/gems/1.9.1/gems/rack-1.5.2/lib/rack/content_length.rb:14:in `call'
	c:/Ruby193/lib/ruby/gems/1.9.1/gems/rack-1.5.2/lib/rack/handler/webrick.rb:60:in `service'
	c:/Ruby193/lib/ruby/1.9.1/webrick/httpserver.rb:138:in `service'
	c:/Ruby193/lib/ruby/1.9.1/webrick/httpserver.rb:94:in `run'
	c:/Ruby193/lib/ruby/1.9.1/webrick/server.rb:191:in `block in start_thread'
ActiveRecord::StatementInvalid - PG::NotNullViolation: ERROR:  null value in column "report_run_status" violates not-null constraint
DETAIL:  Failing row contains (1, http://gradresearch.unimelb.edu.au/, 04_Sample_Data_ver2, http://gradresearch.unimelb.edu.au/research-consultant.html,http..., nikki.vinayan@unimelb.edu.au, 2014-12-04 00:00:00, null).
: INSERT INTO "submits" ("email_id", "pg_urls", "report_name", "submit_date", "web_url") VALUES ($1, $2, $3, $4, $5) RETURNING "id":
	c:/Ruby193/lib/ruby/gems/1.9.1/gems/activerecord-4.1.8/lib/active_record/connection_adapters/postgresql_adapter.rb:834:in `get_last_result'
	c:/Ruby193/lib/ruby/gems/1.9.1/gems/activerecord-4.1.8/lib/active_record/connection_adapters/postgresql_adapter.rb:834:in `block in exec_cache'
	c:/Ruby193/lib/ruby/gems/1.9.1/gems/activerecord-4.1.8/lib/active_record/connection_adapters/abstract_adapter.rb:373:in `block in log'
	c:/Ruby193/lib/ruby/gems/1.9.1/gems/activesupport-4.1.8/lib/active_support/notifications/instrumenter.rb:20:in `instrument'
	c:/Ruby193/lib/ruby/gems/1.9.1/gems/activerecord-4.1.8/lib/active_record/connection_adapters/abstract_adapter.rb:367:in `log'
	c:/Ruby193/lib/ruby/gems/1.9.1/gems/activerecord-4.1.8/lib/active_record/connection_adapters/postgresql_adapter.rb:831:in `exec_cache'
	c:/Ruby193/lib/ruby/gems/1.9.1/gems/activerecord-4.1.8/lib/active_record/connection_adapters/postgresql/database_statements.rb:138:in `exec_query'
	c:/Ruby193/lib/ruby/gems/1.9.1/gems/activerecord-4.1.8/lib/active_record/connection_adapters/postgresql/database_statements.rb:177:in `exec_insert'
	c:/Ruby193/lib/ruby/gems/1.9.1/gems/activerecord-4.1.8/lib/active_record/connection_adapters/abstract/database_statements.rb:95:in `insert'
	c:/Ruby193/lib/ruby/gems/1.9.1/gems/activerecord-4.1.8/lib/active_record/connection_adapters/abstract/query_cache.rb:14:in `insert'
	c:/Ruby193/lib/ruby/gems/1.9.1/gems/activerecord-4.1.8/lib/active_record/relation.rb:64:in `insert'
	c:/Ruby193/lib/ruby/gems/1.9.1/gems/activerecord-4.1.8/lib/active_record/persistence.rb:503:in `_create_record'
	c:/Ruby193/lib/ruby/gems/1.9.1/gems/activerecord-4.1.8/lib/active_record/attribute_methods/dirty.rb:87:in `_create_record'
	c:/Ruby193/lib/ruby/gems/1.9.1/gems/activerecord-4.1.8/lib/active_record/callbacks.rb:306:in `block in _create_record'
	c:/Ruby193/lib/ruby/gems/1.9.1/gems/activesupport-4.1.8/lib/active_support/callbacks.rb:82:in `run_callbacks'
	c:/Ruby193/lib/ruby/gems/1.9.1/gems/activerecord-4.1.8/lib/active_record/callbacks.rb:306:in `_create_record'
	c:/Ruby193/lib/ruby/gems/1.9.1/gems/activerecord-4.1.8/lib/active_record/timestamp.rb:57:in `_create_record'
	c:/Ruby193/lib/ruby/gems/1.9.1/gems/activerecord-4.1.8/lib/active_record/persistence.rb:483:in `create_or_update'
	c:/Ruby193/lib/ruby/gems/1.9.1/gems/activerecord-4.1.8/lib/active_record/callbacks.rb:302:in `block in create_or_update'
	c:/Ruby193/lib/ruby/gems/1.9.1/gems/activesupport-4.1.8/lib/active_support/callbacks.rb:82:in `run_callbacks'
	c:/Ruby193/lib/ruby/gems/1.9.1/gems/activerecord-4.1.8/lib/active_record/callbacks.rb:302:in `create_or_update'
	c:/Ruby193/lib/ruby/gems/1.9.1/gems/activerecord-4.1.8/lib/active_record/persistence.rb:103:in `save'
	c:/Ruby193/lib/ruby/gems/1.9.1/gems/activerecord-4.1.8/lib/active_record/validations.rb:51:in `save'
	c:/Ruby193/lib/ruby/gems/1.9.1/gems/activerecord-4.1.8/lib/active_record/attribute_methods/dirty.rb:21:in `save'
	c:/Ruby193/lib/ruby/gems/1.9.1/gems/activerecord-4.1.8/lib/active_record/transactions.rb:268:in `block (2 levels) in save'
	c:/Ruby193/lib/ruby/gems/1.9.1/gems/activerecord-4.1.8/lib/active_record/transactions.rb:329:in `block in with_transaction_returning_status'
	c:/Ruby193/lib/ruby/gems/1.9.1/gems/activerecord-4.1.8/lib/active_record/connection_adapters/abstract/database_statements.rb:201:in `block in transaction'
	c:/Ruby193/lib/ruby/gems/1.9.1/gems/activerecord-4.1.8/lib/active_record/connection_adapters/abstract/database_statements.rb:209:in `within_new_transaction'
	c:/Ruby193/lib/ruby/gems/1.9.1/gems/activerecord-4.1.8/lib/active_record/connection_adapters/abstract/database_statements.rb:201:in `transaction'
	c:/Ruby193/lib/ruby/gems/1.9.1/gems/activerecord-4.1.8/lib/active_record/transactions.rb:208:in `transaction'
	c:/Ruby193/lib/ruby/gems/1.9.1/gems/activerecord-4.1.8/lib/active_record/transactions.rb:326:in `with_transaction_returning_status'
	c:/Ruby193/lib/ruby/gems/1.9.1/gems/activerecord-4.1.8/lib/active_record/transactions.rb:268:in `block in save'
	c:/Ruby193/lib/ruby/gems/1.9.1/gems/activerecord-4.1.8/lib/active_record/transactions.rb:283:in `rollback_active_record_state!'
	c:/Ruby193/lib/ruby/gems/1.9.1/gems/activerecord-4.1.8/lib/active_record/transactions.rb:267:in `save'
	c:/Ruby193/lib/ruby/gems/1.9.1/gems/activerecord-4.1.8/lib/active_record/persistence.rb:34:in `create'
	H:/Documents/web_accessibility/lib/databaseAccess.rb:53:in `persistURLS'
	H:/Documents/web_accessibility/app.rb:77:in `block in <top (required)>'
	c:/Ruby193/lib/ruby/gems/1.9.1/gems/sinatra-1.4.5/lib/sinatra/base.rb:1603:in `call'
	c:/Ruby193/lib/ruby/gems/1.9.1/gems/sinatra-1.4.5/lib/sinatra/base.rb:1603:in `block in compile!'
	c:/Ruby193/lib/ruby/gems/1.9.1/gems/sinatra-1.4.5/lib/sinatra/base.rb:966:in `[]'
	c:/Ruby193/lib/ruby/gems/1.9.1/gems/sinatra-1.4.5/lib/sinatra/base.rb:966:in `block (3 levels) in route!'
	c:/Ruby193/lib/ruby/gems/1.9.1/gems/sinatra-1.4.5/lib/sinatra/base.rb:985:in `route_eval'
	c:/Ruby193/lib/ruby/gems/1.9.1/gems/sinatra-1.4.5/lib/sinatra/base.rb:966:in `block (2 levels) in route!'
	c:/Ruby193/lib/ruby/gems/1.9.1/gems/sinatra-1.4.5/lib/sinatra/base.rb:1006:in `block in process_route'
	c:/Ruby193/lib/ruby/gems/1.9.1/gems/sinatra-1.4.5/lib/sinatra/base.rb:1004:in `catch'
	c:/Ruby193/lib/ruby/gems/1.9.1/gems/sinatra-1.4.5/lib/sinatra/base.rb:1004:in `process_route'
	c:/Ruby193/lib/ruby/gems/1.9.1/gems/sinatra-1.4.5/lib/sinatra/base.rb:964:in `block in route!'
	c:/Ruby193/lib/ruby/gems/1.9.1/gems/sinatra-1.4.5/lib/sinatra/base.rb:963:in `each'
	c:/Ruby193/lib/ruby/gems/1.9.1/gems/sinatra-1.4.5/lib/sinatra/base.rb:963:in `route!'
	c:/Ruby193/lib/ruby/gems/1.9.1/gems/sinatra-1.4.5/lib/sinatra/base.rb:1076:in `block in dispatch!'
	c:/Ruby193/lib/ruby/gems/1.9.1/gems/sinatra-1.4.5/lib/sinatra/base.rb:1058:in `block in invoke'
	c:/Ruby193/lib/ruby/gems/1.9.1/gems/sinatra-1.4.5/lib/sinatra/base.rb:1058:in `catch'
	c:/Ruby193/lib/ruby/gems/1.9.1/gems/sinatra-1.4.5/lib/sinatra/base.rb:1058:in `invoke'
	c:/Ruby193/lib/ruby/gems/1.9.1/gems/sinatra-1.4.5/lib/sinatra/base.rb:1073:in `dispatch!'
	c:/Ruby193/lib/ruby/gems/1.9.1/gems/sinatra-1.4.5/lib/sinatra/base.rb:898:in `block in call!'
	c:/Ruby193/lib/ruby/gems/1.9.1/gems/sinatra-1.4.5/lib/sinatra/base.rb:1058:in `block in invoke'
	c:/Ruby193/lib/ruby/gems/1.9.1/gems/sinatra-1.4.5/lib/sinatra/base.rb:1058:in `catch'
	c:/Ruby193/lib/ruby/gems/1.9.1/gems/sinatra-1.4.5/lib/sinatra/base.rb:1058:in `invoke'
	c:/Ruby193/lib/ruby/gems/1.9.1/gems/sinatra-1.4.5/lib/sinatra/base.rb:898:in `call!'
	c:/Ruby193/lib/ruby/gems/1.9.1/gems/sinatra-1.4.5/lib/sinatra/base.rb:886:in `call'
	c:/Ruby193/lib/ruby/gems/1.9.1/gems/rack-1.5.2/lib/rack/commonlogger.rb:33:in `call'
	c:/Ruby193/lib/ruby/gems/1.9.1/gems/sinatra-1.4.5/lib/sinatra/base.rb:217:in `call'
	c:/Ruby193/lib/ruby/gems/1.9.1/gems/rack-protection-1.5.3/lib/rack/protection/xss_header.rb:18:in `call'
	c:/Ruby193/lib/ruby/gems/1.9.1/gems/rack-protection-1.5.3/lib/rack/protection/path_traversal.rb:16:in `call'
	c:/Ruby193/lib/ruby/gems/1.9.1/gems/rack-protection-1.5.3/lib/rack/protection/json_csrf.rb:18:in `call'
	c:/Ruby193/lib/ruby/gems/1.9.1/gems/rack-protection-1.5.3/lib/rack/protection/base.rb:49:in `call'
	c:/Ruby193/lib/ruby/gems/1.9.1/gems/rack-protection-1.5.3/lib/rack/protection/base.rb:49:in `call'
	c:/Ruby193/lib/ruby/gems/1.9.1/gems/rack-protection-1.5.3/lib/rack/protection/frame_options.rb:31:in `call'
	c:/Ruby193/lib/ruby/gems/1.9.1/gems/rack-1.5.2/lib/rack/logger.rb:15:in `call'
	c:/Ruby193/lib/ruby/gems/1.9.1/gems/sinatra-1.4.5/lib/sinatra/base.rb:210:in `call'
	c:/Ruby193/lib/ruby/gems/1.9.1/gems/rack-1.5.2/lib/rack/head.rb:11:in `call'
	c:/Ruby193/lib/ruby/gems/1.9.1/gems/rack-1.5.2/lib/rack/methodoverride.rb:21:in `call'
	c:/Ruby193/lib/ruby/gems/1.9.1/gems/sinatra-1.4.5/lib/sinatra/show_exceptions.rb:21:in `call'
	c:/Ruby193/lib/ruby/gems/1.9.1/gems/sinatra-1.4.5/lib/sinatra/base.rb:180:in `call'
	c:/Ruby193/lib/ruby/gems/1.9.1/gems/sinatra-1.4.5/lib/sinatra/base.rb:2014:in `call'
	c:/Ruby193/lib/ruby/gems/1.9.1/gems/sinatra-1.4.5/lib/sinatra/base.rb:1478:in `block in call'
	c:/Ruby193/lib/ruby/gems/1.9.1/gems/sinatra-1.4.5/lib/sinatra/base.rb:1788:in `synchronize'
	c:/Ruby193/lib/ruby/gems/1.9.1/gems/sinatra-1.4.5/lib/sinatra/base.rb:1478:in `call'
	c:/Ruby193/lib/ruby/gems/1.9.1/gems/rack-1.5.2/lib/rack/lint.rb:49:in `_call'
	c:/Ruby193/lib/ruby/gems/1.9.1/gems/rack-1.5.2/lib/rack/lint.rb:37:in `call'
	c:/Ruby193/lib/ruby/gems/1.9.1/gems/rack-1.5.2/lib/rack/showexceptions.rb:24:in `call'
	c:/Ruby193/lib/ruby/gems/1.9.1/gems/rack-1.5.2/lib/rack/commonlogger.rb:33:in `call'
	c:/Ruby193/lib/ruby/gems/1.9.1/gems/sinatra-1.4.5/lib/sinatra/base.rb:217:in `call'
	c:/Ruby193/lib/ruby/gems/1.9.1/gems/rack-1.5.2/lib/rack/chunked.rb:43:in `call'
	c:/Ruby193/lib/ruby/gems/1.9.1/gems/rack-1.5.2/lib/rack/content_length.rb:14:in `call'
	c:/Ruby193/lib/ruby/gems/1.9.1/gems/rack-1.5.2/lib/rack/handler/webrick.rb:60:in `service'
	c:/Ruby193/lib/ruby/1.9.1/webrick/httpserver.rb:138:in `service'
	c:/Ruby193/lib/ruby/1.9.1/webrick/httpserver.rb:94:in `run'
	c:/Ruby193/lib/ruby/1.9.1/webrick/server.rb:191:in `block in start_thread'
NameError - undefined local variable or method `rep_id' for #<Sinatra::Application:0x37432b0>:
	H:/Documents/web_accessibility/app.rb:64:in `block in <top (required)>'
	c:/Ruby193/lib/ruby/gems/1.9.1/gems/sinatra-1.4.5/lib/sinatra/base.rb:1603:in `call'
	c:/Ruby193/lib/ruby/gems/1.9.1/gems/sinatra-1.4.5/lib/sinatra/base.rb:1603:in `block in compile!'
	c:/Ruby193/lib/ruby/gems/1.9.1/gems/sinatra-1.4.5/lib/sinatra/base.rb:966:in `[]'
	c:/Ruby193/lib/ruby/gems/1.9.1/gems/sinatra-1.4.5/lib/sinatra/base.rb:966:in `block (3 levels) in route!'
	c:/Ruby193/lib/ruby/gems/1.9.1/gems/sinatra-1.4.5/lib/sinatra/base.rb:985:in `route_eval'
	c:/Ruby193/lib/ruby/gems/1.9.1/gems/sinatra-1.4.5/lib/sinatra/base.rb:966:in `block (2 levels) in route!'
	c:/Ruby193/lib/ruby/gems/1.9.1/gems/sinatra-1.4.5/lib/sinatra/base.rb:1006:in `block in process_route'
	c:/Ruby193/lib/ruby/gems/1.9.1/gems/sinatra-1.4.5/lib/sinatra/base.rb:1004:in `catch'
	c:/Ruby193/lib/ruby/gems/1.9.1/gems/sinatra-1.4.5/lib/sinatra/base.rb:1004:in `process_route'
	c:/Ruby193/lib/ruby/gems/1.9.1/gems/sinatra-1.4.5/lib/sinatra/base.rb:964:in `block in route!'
	c:/Ruby193/lib/ruby/gems/1.9.1/gems/sinatra-1.4.5/lib/sinatra/base.rb:963:in `each'
	c:/Ruby193/lib/ruby/gems/1.9.1/gems/sinatra-1.4.5/lib/sinatra/base.rb:963:in `route!'
	c:/Ruby193/lib/ruby/gems/1.9.1/gems/sinatra-1.4.5/lib/sinatra/base.rb:1076:in `block in dispatch!'
	c:/Ruby193/lib/ruby/gems/1.9.1/gems/sinatra-1.4.5/lib/sinatra/base.rb:1058:in `block in invoke'
	c:/Ruby193/lib/ruby/gems/1.9.1/gems/sinatra-1.4.5/lib/sinatra/base.rb:1058:in `catch'
	c:/Ruby193/lib/ruby/gems/1.9.1/gems/sinatra-1.4.5/lib/sinatra/base.rb:1058:in `invoke'
	c:/Ruby193/lib/ruby/gems/1.9.1/gems/sinatra-1.4.5/lib/sinatra/base.rb:1073:in `dispatch!'
	c:/Ruby193/lib/ruby/gems/1.9.1/gems/sinatra-1.4.5/lib/sinatra/base.rb:898:in `block in call!'
	c:/Ruby193/lib/ruby/gems/1.9.1/gems/sinatra-1.4.5/lib/sinatra/base.rb:1058:in `block in invoke'
	c:/Ruby193/lib/ruby/gems/1.9.1/gems/sinatra-1.4.5/lib/sinatra/base.rb:1058:in `catch'
	c:/Ruby193/lib/ruby/gems/1.9.1/gems/sinatra-1.4.5/lib/sinatra/base.rb:1058:in `invoke'
	c:/Ruby193/lib/ruby/gems/1.9.1/gems/sinatra-1.4.5/lib/sinatra/base.rb:898:in `call!'
	c:/Ruby193/lib/ruby/gems/1.9.1/gems/sinatra-1.4.5/lib/sinatra/base.rb:886:in `call'
	c:/Ruby193/lib/ruby/gems/1.9.1/gems/rack-1.5.2/lib/rack/commonlogger.rb:33:in `call'
	c:/Ruby193/lib/ruby/gems/1.9.1/gems/sinatra-1.4.5/lib/sinatra/base.rb:217:in `call'
	c:/Ruby193/lib/ruby/gems/1.9.1/gems/rack-protection-1.5.3/lib/rack/protection/xss_header.rb:18:in `call'
	c:/Ruby193/lib/ruby/gems/1.9.1/gems/rack-protection-1.5.3/lib/rack/protection/path_traversal.rb:16:in `call'
	c:/Ruby193/lib/ruby/gems/1.9.1/gems/rack-protection-1.5.3/lib/rack/protection/json_csrf.rb:18:in `call'
	c:/Ruby193/lib/ruby/gems/1.9.1/gems/rack-protection-1.5.3/lib/rack/protection/base.rb:49:in `call'
	c:/Ruby193/lib/ruby/gems/1.9.1/gems/rack-protection-1.5.3/lib/rack/protection/base.rb:49:in `call'
	c:/Ruby193/lib/ruby/gems/1.9.1/gems/rack-protection-1.5.3/lib/rack/protection/frame_options.rb:31:in `call'
	c:/Ruby193/lib/ruby/gems/1.9.1/gems/rack-1.5.2/lib/rack/logger.rb:15:in `call'
	c:/Ruby193/lib/ruby/gems/1.9.1/gems/sinatra-1.4.5/lib/sinatra/base.rb:210:in `call'
	c:/Ruby193/lib/ruby/gems/1.9.1/gems/rack-1.5.2/lib/rack/head.rb:11:in `call'
	c:/Ruby193/lib/ruby/gems/1.9.1/gems/rack-1.5.2/lib/rack/methodoverride.rb:21:in `call'
	c:/Ruby193/lib/ruby/gems/1.9.1/gems/sinatra-1.4.5/lib/sinatra/show_exceptions.rb:21:in `call'
	c:/Ruby193/lib/ruby/gems/1.9.1/gems/sinatra-1.4.5/lib/sinatra/base.rb:180:in `call'
	c:/Ruby193/lib/ruby/gems/1.9.1/gems/sinatra-1.4.5/lib/sinatra/base.rb:2014:in `call'
	c:/Ruby193/lib/ruby/gems/1.9.1/gems/sinatra-1.4.5/lib/sinatra/base.rb:1478:in `block in call'
	c:/Ruby193/lib/ruby/gems/1.9.1/gems/sinatra-1.4.5/lib/sinatra/base.rb:1788:in `synchronize'
	c:/Ruby193/lib/ruby/gems/1.9.1/gems/sinatra-1.4.5/lib/sinatra/base.rb:1478:in `call'
	c:/Ruby193/lib/ruby/gems/1.9.1/gems/rack-1.5.2/lib/rack/lint.rb:49:in `_call'
	c:/Ruby193/lib/ruby/gems/1.9.1/gems/rack-1.5.2/lib/rack/lint.rb:37:in `call'
	c:/Ruby193/lib/ruby/gems/1.9.1/gems/rack-1.5.2/lib/rack/showexceptions.rb:24:in `call'
	c:/Ruby193/lib/ruby/gems/1.9.1/gems/rack-1.5.2/lib/rack/commonlogger.rb:33:in `call'
	c:/Ruby193/lib/ruby/gems/1.9.1/gems/sinatra-1.4.5/lib/sinatra/base.rb:217:in `call'
	c:/Ruby193/lib/ruby/gems/1.9.1/gems/rack-1.5.2/lib/rack/chunked.rb:43:in `call'
	c:/Ruby193/lib/ruby/gems/1.9.1/gems/rack-1.5.2/lib/rack/content_length.rb:14:in `call'
	c:/Ruby193/lib/ruby/gems/1.9.1/gems/rack-1.5.2/lib/rack/handler/webrick.rb:60:in `service'
	c:/Ruby193/lib/ruby/1.9.1/webrick/httpserver.rb:138:in `service'
	c:/Ruby193/lib/ruby/1.9.1/webrick/httpserver.rb:94:in `run'
	c:/Ruby193/lib/ruby/1.9.1/webrick/server.rb:191:in `block in start_thread'
NameError - uninitialized class variable @@database in Object:
	H:/Documents/web_accessibility/app.rb:65:in `block in <top (required)>'
	c:/Ruby193/lib/ruby/gems/1.9.1/gems/sinatra-1.4.5/lib/sinatra/base.rb:1603:in `call'
	c:/Ruby193/lib/ruby/gems/1.9.1/gems/sinatra-1.4.5/lib/sinatra/base.rb:1603:in `block in compile!'
	c:/Ruby193/lib/ruby/gems/1.9.1/gems/sinatra-1.4.5/lib/sinatra/base.rb:966:in `[]'
	c:/Ruby193/lib/ruby/gems/1.9.1/gems/sinatra-1.4.5/lib/sinatra/base.rb:966:in `block (3 levels) in route!'
	c:/Ruby193/lib/ruby/gems/1.9.1/gems/sinatra-1.4.5/lib/sinatra/base.rb:985:in `route_eval'
	c:/Ruby193/lib/ruby/gems/1.9.1/gems/sinatra-1.4.5/lib/sinatra/base.rb:966:in `block (2 levels) in route!'
	c:/Ruby193/lib/ruby/gems/1.9.1/gems/sinatra-1.4.5/lib/sinatra/base.rb:1006:in `block in process_route'
	c:/Ruby193/lib/ruby/gems/1.9.1/gems/sinatra-1.4.5/lib/sinatra/base.rb:1004:in `catch'
	c:/Ruby193/lib/ruby/gems/1.9.1/gems/sinatra-1.4.5/lib/sinatra/base.rb:1004:in `process_route'
	c:/Ruby193/lib/ruby/gems/1.9.1/gems/sinatra-1.4.5/lib/sinatra/base.rb:964:in `block in route!'
	c:/Ruby193/lib/ruby/gems/1.9.1/gems/sinatra-1.4.5/lib/sinatra/base.rb:963:in `each'
	c:/Ruby193/lib/ruby/gems/1.9.1/gems/sinatra-1.4.5/lib/sinatra/base.rb:963:in `route!'
	c:/Ruby193/lib/ruby/gems/1.9.1/gems/sinatra-1.4.5/lib/sinatra/base.rb:1076:in `block in dispatch!'
	c:/Ruby193/lib/ruby/gems/1.9.1/gems/sinatra-1.4.5/lib/sinatra/base.rb:1058:in `block in invoke'
	c:/Ruby193/lib/ruby/gems/1.9.1/gems/sinatra-1.4.5/lib/sinatra/base.rb:1058:in `catch'
	c:/Ruby193/lib/ruby/gems/1.9.1/gems/sinatra-1.4.5/lib/sinatra/base.rb:1058:in `invoke'
	c:/Ruby193/lib/ruby/gems/1.9.1/gems/sinatra-1.4.5/lib/sinatra/base.rb:1073:in `dispatch!'
	c:/Ruby193/lib/ruby/gems/1.9.1/gems/sinatra-1.4.5/lib/sinatra/base.rb:898:in `block in call!'
	c:/Ruby193/lib/ruby/gems/1.9.1/gems/sinatra-1.4.5/lib/sinatra/base.rb:1058:in `block in invoke'
	c:/Ruby193/lib/ruby/gems/1.9.1/gems/sinatra-1.4.5/lib/sinatra/base.rb:1058:in `catch'
	c:/Ruby193/lib/ruby/gems/1.9.1/gems/sinatra-1.4.5/lib/sinatra/base.rb:1058:in `invoke'
	c:/Ruby193/lib/ruby/gems/1.9.1/gems/sinatra-1.4.5/lib/sinatra/base.rb:898:in `call!'
	c:/Ruby193/lib/ruby/gems/1.9.1/gems/sinatra-1.4.5/lib/sinatra/base.rb:886:in `call'
	c:/Ruby193/lib/ruby/gems/1.9.1/gems/rack-1.5.2/lib/rack/commonlogger.rb:33:in `call'
	c:/Ruby193/lib/ruby/gems/1.9.1/gems/sinatra-1.4.5/lib/sinatra/base.rb:217:in `call'
	c:/Ruby193/lib/ruby/gems/1.9.1/gems/rack-protection-1.5.3/lib/rack/protection/xss_header.rb:18:in `call'
	c:/Ruby193/lib/ruby/gems/1.9.1/gems/rack-protection-1.5.3/lib/rack/protection/path_traversal.rb:16:in `call'
	c:/Ruby193/lib/ruby/gems/1.9.1/gems/rack-protection-1.5.3/lib/rack/protection/json_csrf.rb:18:in `call'
	c:/Ruby193/lib/ruby/gems/1.9.1/gems/rack-protection-1.5.3/lib/rack/protection/base.rb:49:in `call'
	c:/Ruby193/lib/ruby/gems/1.9.1/gems/rack-protection-1.5.3/lib/rack/protection/base.rb:49:in `call'
	c:/Ruby193/lib/ruby/gems/1.9.1/gems/rack-protection-1.5.3/lib/rack/protection/frame_options.rb:31:in `call'
	c:/Ruby193/lib/ruby/gems/1.9.1/gems/rack-1.5.2/lib/rack/logger.rb:15:in `call'
	c:/Ruby193/lib/ruby/gems/1.9.1/gems/sinatra-1.4.5/lib/sinatra/base.rb:210:in `call'
	c:/Ruby193/lib/ruby/gems/1.9.1/gems/rack-1.5.2/lib/rack/head.rb:11:in `call'
	c:/Ruby193/lib/ruby/gems/1.9.1/gems/rack-1.5.2/lib/rack/methodoverride.rb:21:in `call'
	c:/Ruby193/lib/ruby/gems/1.9.1/gems/sinatra-1.4.5/lib/sinatra/show_exceptions.rb:21:in `call'
	c:/Ruby193/lib/ruby/gems/1.9.1/gems/sinatra-1.4.5/lib/sinatra/base.rb:180:in `call'
	c:/Ruby193/lib/ruby/gems/1.9.1/gems/sinatra-1.4.5/lib/sinatra/base.rb:2014:in `call'
	c:/Ruby193/lib/ruby/gems/1.9.1/gems/sinatra-1.4.5/lib/sinatra/base.rb:1478:in `block in call'
	c:/Ruby193/lib/ruby/gems/1.9.1/gems/sinatra-1.4.5/lib/sinatra/base.rb:1788:in `synchronize'
	c:/Ruby193/lib/ruby/gems/1.9.1/gems/sinatra-1.4.5/lib/sinatra/base.rb:1478:in `call'
	c:/Ruby193/lib/ruby/gems/1.9.1/gems/rack-1.5.2/lib/rack/lint.rb:49:in `_call'
	c:/Ruby193/lib/ruby/gems/1.9.1/gems/rack-1.5.2/lib/rack/lint.rb:37:in `call'
	c:/Ruby193/lib/ruby/gems/1.9.1/gems/rack-1.5.2/lib/rack/showexceptions.rb:24:in `call'
	c:/Ruby193/lib/ruby/gems/1.9.1/gems/rack-1.5.2/lib/rack/commonlogger.rb:33:in `call'
	c:/Ruby193/lib/ruby/gems/1.9.1/gems/sinatra-1.4.5/lib/sinatra/base.rb:217:in `call'
	c:/Ruby193/lib/ruby/gems/1.9.1/gems/rack-1.5.2/lib/rack/chunked.rb:43:in `call'
	c:/Ruby193/lib/ruby/gems/1.9.1/gems/rack-1.5.2/lib/rack/content_length.rb:14:in `call'
	c:/Ruby193/lib/ruby/gems/1.9.1/gems/rack-1.5.2/lib/rack/handler/webrick.rb:60:in `service'
	c:/Ruby193/lib/ruby/1.9.1/webrick/httpserver.rb:138:in `service'
	c:/Ruby193/lib/ruby/1.9.1/webrick/httpserver.rb:94:in `run'
	c:/Ruby193/lib/ruby/1.9.1/webrick/server.rb:191:in `block in start_thread'
NameError - uninitialized class variable @@database in Object:
	H:/Documents/web_accessibility/app.rb:65:in `block in <top (required)>'
	c:/Ruby193/lib/ruby/gems/1.9.1/gems/sinatra-1.4.5/lib/sinatra/base.rb:1603:in `call'
	c:/Ruby193/lib/ruby/gems/1.9.1/gems/sinatra-1.4.5/lib/sinatra/base.rb:1603:in `block in compile!'
	c:/Ruby193/lib/ruby/gems/1.9.1/gems/sinatra-1.4.5/lib/sinatra/base.rb:966:in `[]'
	c:/Ruby193/lib/ruby/gems/1.9.1/gems/sinatra-1.4.5/lib/sinatra/base.rb:966:in `block (3 levels) in route!'
	c:/Ruby193/lib/ruby/gems/1.9.1/gems/sinatra-1.4.5/lib/sinatra/base.rb:985:in `route_eval'
	c:/Ruby193/lib/ruby/gems/1.9.1/gems/sinatra-1.4.5/lib/sinatra/base.rb:966:in `block (2 levels) in route!'
	c:/Ruby193/lib/ruby/gems/1.9.1/gems/sinatra-1.4.5/lib/sinatra/base.rb:1006:in `block in process_route'
	c:/Ruby193/lib/ruby/gems/1.9.1/gems/sinatra-1.4.5/lib/sinatra/base.rb:1004:in `catch'
	c:/Ruby193/lib/ruby/gems/1.9.1/gems/sinatra-1.4.5/lib/sinatra/base.rb:1004:in `process_route'
	c:/Ruby193/lib/ruby/gems/1.9.1/gems/sinatra-1.4.5/lib/sinatra/base.rb:964:in `block in route!'
	c:/Ruby193/lib/ruby/gems/1.9.1/gems/sinatra-1.4.5/lib/sinatra/base.rb:963:in `each'
	c:/Ruby193/lib/ruby/gems/1.9.1/gems/sinatra-1.4.5/lib/sinatra/base.rb:963:in `route!'
	c:/Ruby193/lib/ruby/gems/1.9.1/gems/sinatra-1.4.5/lib/sinatra/base.rb:1076:in `block in dispatch!'
	c:/Ruby193/lib/ruby/gems/1.9.1/gems/sinatra-1.4.5/lib/sinatra/base.rb:1058:in `block in invoke'
	c:/Ruby193/lib/ruby/gems/1.9.1/gems/sinatra-1.4.5/lib/sinatra/base.rb:1058:in `catch'
	c:/Ruby193/lib/ruby/gems/1.9.1/gems/sinatra-1.4.5/lib/sinatra/base.rb:1058:in `invoke'
	c:/Ruby193/lib/ruby/gems/1.9.1/gems/sinatra-1.4.5/lib/sinatra/base.rb:1073:in `dispatch!'
	c:/Ruby193/lib/ruby/gems/1.9.1/gems/sinatra-1.4.5/lib/sinatra/base.rb:898:in `block in call!'
	c:/Ruby193/lib/ruby/gems/1.9.1/gems/sinatra-1.4.5/lib/sinatra/base.rb:1058:in `block in invoke'
	c:/Ruby193/lib/ruby/gems/1.9.1/gems/sinatra-1.4.5/lib/sinatra/base.rb:1058:in `catch'
	c:/Ruby193/lib/ruby/gems/1.9.1/gems/sinatra-1.4.5/lib/sinatra/base.rb:1058:in `invoke'
	c:/Ruby193/lib/ruby/gems/1.9.1/gems/sinatra-1.4.5/lib/sinatra/base.rb:898:in `call!'
	c:/Ruby193/lib/ruby/gems/1.9.1/gems/sinatra-1.4.5/lib/sinatra/base.rb:886:in `call'
	c:/Ruby193/lib/ruby/gems/1.9.1/gems/rack-1.5.2/lib/rack/commonlogger.rb:33:in `call'
	c:/Ruby193/lib/ruby/gems/1.9.1/gems/sinatra-1.4.5/lib/sinatra/base.rb:217:in `call'
	c:/Ruby193/lib/ruby/gems/1.9.1/gems/rack-protection-1.5.3/lib/rack/protection/xss_header.rb:18:in `call'
	c:/Ruby193/lib/ruby/gems/1.9.1/gems/rack-protection-1.5.3/lib/rack/protection/path_traversal.rb:16:in `call'
	c:/Ruby193/lib/ruby/gems/1.9.1/gems/rack-protection-1.5.3/lib/rack/protection/json_csrf.rb:18:in `call'
	c:/Ruby193/lib/ruby/gems/1.9.1/gems/rack-protection-1.5.3/lib/rack/protection/base.rb:49:in `call'
	c:/Ruby193/lib/ruby/gems/1.9.1/gems/rack-protection-1.5.3/lib/rack/protection/base.rb:49:in `call'
	c:/Ruby193/lib/ruby/gems/1.9.1/gems/rack-protection-1.5.3/lib/rack/protection/frame_options.rb:31:in `call'
	c:/Ruby193/lib/ruby/gems/1.9.1/gems/rack-1.5.2/lib/rack/logger.rb:15:in `call'
	c:/Ruby193/lib/ruby/gems/1.9.1/gems/sinatra-1.4.5/lib/sinatra/base.rb:210:in `call'
	c:/Ruby193/lib/ruby/gems/1.9.1/gems/rack-1.5.2/lib/rack/head.rb:11:in `call'
	c:/Ruby193/lib/ruby/gems/1.9.1/gems/rack-1.5.2/lib/rack/methodoverride.rb:21:in `call'
	c:/Ruby193/lib/ruby/gems/1.9.1/gems/sinatra-1.4.5/lib/sinatra/show_exceptions.rb:21:in `call'
	c:/Ruby193/lib/ruby/gems/1.9.1/gems/sinatra-1.4.5/lib/sinatra/base.rb:180:in `call'
	c:/Ruby193/lib/ruby/gems/1.9.1/gems/sinatra-1.4.5/lib/sinatra/base.rb:2014:in `call'
	c:/Ruby193/lib/ruby/gems/1.9.1/gems/sinatra-1.4.5/lib/sinatra/base.rb:1478:in `block in call'
	c:/Ruby193/lib/ruby/gems/1.9.1/gems/sinatra-1.4.5/lib/sinatra/base.rb:1788:in `synchronize'
	c:/Ruby193/lib/ruby/gems/1.9.1/gems/sinatra-1.4.5/lib/sinatra/base.rb:1478:in `call'
	c:/Ruby193/lib/ruby/gems/1.9.1/gems/rack-1.5.2/lib/rack/lint.rb:49:in `_call'
	c:/Ruby193/lib/ruby/gems/1.9.1/gems/rack-1.5.2/lib/rack/lint.rb:37:in `call'
	c:/Ruby193/lib/ruby/gems/1.9.1/gems/rack-1.5.2/lib/rack/showexceptions.rb:24:in `call'
	c:/Ruby193/lib/ruby/gems/1.9.1/gems/rack-1.5.2/lib/rack/commonlogger.rb:33:in `call'
	c:/Ruby193/lib/ruby/gems/1.9.1/gems/sinatra-1.4.5/lib/sinatra/base.rb:217:in `call'
	c:/Ruby193/lib/ruby/gems/1.9.1/gems/rack-1.5.2/lib/rack/chunked.rb:43:in `call'
	c:/Ruby193/lib/ruby/gems/1.9.1/gems/rack-1.5.2/lib/rack/content_length.rb:14:in `call'
	c:/Ruby193/lib/ruby/gems/1.9.1/gems/rack-1.5.2/lib/rack/handler/webrick.rb:60:in `service'
	c:/Ruby193/lib/ruby/1.9.1/webrick/httpserver.rb:138:in `service'
	c:/Ruby193/lib/ruby/1.9.1/webrick/httpserver.rb:94:in `run'
	c:/Ruby193/lib/ruby/1.9.1/webrick/server.rb:191:in `block in start_thread'
Haml::Error - Invalid filter name ":".:
	H:/Documents/web_accessibility/views/submitURL.haml:22
	c:/Ruby193/lib/ruby/gems/1.9.1/gems/haml-4.0.5/lib/haml/parser.rb:435:in `filter'
	c:/Ruby193/lib/ruby/gems/1.9.1/gems/haml-4.0.5/lib/haml/parser.rb:226:in `process_line'
	c:/Ruby193/lib/ruby/gems/1.9.1/gems/haml-4.0.5/lib/haml/parser.rb:121:in `parse'
	c:/Ruby193/lib/ruby/gems/1.9.1/gems/haml-4.0.5/lib/haml/engine.rb:66:in `initialize'
	c:/Ruby193/lib/ruby/gems/1.9.1/gems/tilt-1.4.1/lib/tilt/haml.rb:19:in `new'
	c:/Ruby193/lib/ruby/gems/1.9.1/gems/tilt-1.4.1/lib/tilt/haml.rb:19:in `prepare'
	c:/Ruby193/lib/ruby/gems/1.9.1/gems/tilt-1.4.1/lib/tilt/template.rb:79:in `initialize'
	c:/Ruby193/lib/ruby/gems/1.9.1/gems/sinatra-1.4.5/lib/sinatra/base.rb:853:in `new'
	c:/Ruby193/lib/ruby/gems/1.9.1/gems/sinatra-1.4.5/lib/sinatra/base.rb:853:in `block in compile_template'
	c:/Ruby193/lib/ruby/gems/1.9.1/gems/tilt-1.4.1/lib/tilt.rb:127:in `fetch'
	c:/Ruby193/lib/ruby/gems/1.9.1/gems/sinatra-1.4.5/lib/sinatra/base.rb:832:in `compile_template'
	c:/Ruby193/lib/ruby/gems/1.9.1/gems/sinatra-1.4.5/lib/sinatra/base.rb:813:in `render'
	c:/Ruby193/lib/ruby/gems/1.9.1/gems/sinatra-1.4.5/lib/sinatra/base.rb:675:in `haml'
	H:/Documents/web_accessibility/app.rb:50:in `block in <top (required)>'
	c:/Ruby193/lib/ruby/gems/1.9.1/gems/sinatra-1.4.5/lib/sinatra/base.rb:1603:in `call'
	c:/Ruby193/lib/ruby/gems/1.9.1/gems/sinatra-1.4.5/lib/sinatra/base.rb:1603:in `block in compile!'
	c:/Ruby193/lib/ruby/gems/1.9.1/gems/sinatra-1.4.5/lib/sinatra/base.rb:966:in `[]'
	c:/Ruby193/lib/ruby/gems/1.9.1/gems/sinatra-1.4.5/lib/sinatra/base.rb:966:in `block (3 levels) in route!'
	c:/Ruby193/lib/ruby/gems/1.9.1/gems/sinatra-1.4.5/lib/sinatra/base.rb:985:in `route_eval'
	c:/Ruby193/lib/ruby/gems/1.9.1/gems/sinatra-1.4.5/lib/sinatra/base.rb:966:in `block (2 levels) in route!'
	c:/Ruby193/lib/ruby/gems/1.9.1/gems/sinatra-1.4.5/lib/sinatra/base.rb:1006:in `block in process_route'
	c:/Ruby193/lib/ruby/gems/1.9.1/gems/sinatra-1.4.5/lib/sinatra/base.rb:1004:in `catch'
	c:/Ruby193/lib/ruby/gems/1.9.1/gems/sinatra-1.4.5/lib/sinatra/base.rb:1004:in `process_route'
	c:/Ruby193/lib/ruby/gems/1.9.1/gems/sinatra-1.4.5/lib/sinatra/base.rb:964:in `block in route!'
	c:/Ruby193/lib/ruby/gems/1.9.1/gems/sinatra-1.4.5/lib/sinatra/base.rb:963:in `each'
	c:/Ruby193/lib/ruby/gems/1.9.1/gems/sinatra-1.4.5/lib/sinatra/base.rb:963:in `route!'
	c:/Ruby193/lib/ruby/gems/1.9.1/gems/sinatra-1.4.5/lib/sinatra/base.rb:1076:in `block in dispatch!'
	c:/Ruby193/lib/ruby/gems/1.9.1/gems/sinatra-1.4.5/lib/sinatra/base.rb:1058:in `block in invoke'
	c:/Ruby193/lib/ruby/gems/1.9.1/gems/sinatra-1.4.5/lib/sinatra/base.rb:1058:in `catch'
	c:/Ruby193/lib/ruby/gems/1.9.1/gems/sinatra-1.4.5/lib/sinatra/base.rb:1058:in `invoke'
	c:/Ruby193/lib/ruby/gems/1.9.1/gems/sinatra-1.4.5/lib/sinatra/base.rb:1073:in `dispatch!'
	c:/Ruby193/lib/ruby/gems/1.9.1/gems/sinatra-1.4.5/lib/sinatra/base.rb:898:in `block in call!'
	c:/Ruby193/lib/ruby/gems/1.9.1/gems/sinatra-1.4.5/lib/sinatra/base.rb:1058:in `block in invoke'
	c:/Ruby193/lib/ruby/gems/1.9.1/gems/sinatra-1.4.5/lib/sinatra/base.rb:1058:in `catch'
	c:/Ruby193/lib/ruby/gems/1.9.1/gems/sinatra-1.4.5/lib/sinatra/base.rb:1058:in `invoke'
	c:/Ruby193/lib/ruby/gems/1.9.1/gems/sinatra-1.4.5/lib/sinatra/base.rb:898:in `call!'
	c:/Ruby193/lib/ruby/gems/1.9.1/gems/sinatra-1.4.5/lib/sinatra/base.rb:886:in `call'
	c:/Ruby193/lib/ruby/gems/1.9.1/gems/rack-1.5.2/lib/rack/commonlogger.rb:33:in `call'
	c:/Ruby193/lib/ruby/gems/1.9.1/gems/sinatra-1.4.5/lib/sinatra/base.rb:217:in `call'
	c:/Ruby193/lib/ruby/gems/1.9.1/gems/rack-protection-1.5.3/lib/rack/protection/xss_header.rb:18:in `call'
	c:/Ruby193/lib/ruby/gems/1.9.1/gems/rack-protection-1.5.3/lib/rack/protection/path_traversal.rb:16:in `call'
	c:/Ruby193/lib/ruby/gems/1.9.1/gems/rack-protection-1.5.3/lib/rack/protection/json_csrf.rb:18:in `call'
	c:/Ruby193/lib/ruby/gems/1.9.1/gems/rack-protection-1.5.3/lib/rack/protection/base.rb:49:in `call'
	c:/Ruby193/lib/ruby/gems/1.9.1/gems/rack-protection-1.5.3/lib/rack/protection/base.rb:49:in `call'
	c:/Ruby193/lib/ruby/gems/1.9.1/gems/rack-protection-1.5.3/lib/rack/protection/frame_options.rb:31:in `call'
	c:/Ruby193/lib/ruby/gems/1.9.1/gems/rack-1.5.2/lib/rack/logger.rb:15:in `call'
	c:/Ruby193/lib/ruby/gems/1.9.1/gems/sinatra-1.4.5/lib/sinatra/base.rb:210:in `call'
	c:/Ruby193/lib/ruby/gems/1.9.1/gems/rack-1.5.2/lib/rack/head.rb:11:in `call'
	c:/Ruby193/lib/ruby/gems/1.9.1/gems/rack-1.5.2/lib/rack/methodoverride.rb:21:in `call'
	c:/Ruby193/lib/ruby/gems/1.9.1/gems/sinatra-1.4.5/lib/sinatra/show_exceptions.rb:21:in `call'
	c:/Ruby193/lib/ruby/gems/1.9.1/gems/sinatra-1.4.5/lib/sinatra/base.rb:180:in `call'
	c:/Ruby193/lib/ruby/gems/1.9.1/gems/sinatra-1.4.5/lib/sinatra/base.rb:2014:in `call'
	c:/Ruby193/lib/ruby/gems/1.9.1/gems/sinatra-1.4.5/lib/sinatra/base.rb:1478:in `block in call'
	c:/Ruby193/lib/ruby/gems/1.9.1/gems/sinatra-1.4.5/lib/sinatra/base.rb:1788:in `synchronize'
	c:/Ruby193/lib/ruby/gems/1.9.1/gems/sinatra-1.4.5/lib/sinatra/base.rb:1478:in `call'
	c:/Ruby193/lib/ruby/gems/1.9.1/gems/rack-1.5.2/lib/rack/lint.rb:49:in `_call'
	c:/Ruby193/lib/ruby/gems/1.9.1/gems/rack-1.5.2/lib/rack/lint.rb:37:in `call'
	c:/Ruby193/lib/ruby/gems/1.9.1/gems/rack-1.5.2/lib/rack/showexceptions.rb:24:in `call'
	c:/Ruby193/lib/ruby/gems/1.9.1/gems/rack-1.5.2/lib/rack/commonlogger.rb:33:in `call'
	c:/Ruby193/lib/ruby/gems/1.9.1/gems/sinatra-1.4.5/lib/sinatra/base.rb:217:in `call'
	c:/Ruby193/lib/ruby/gems/1.9.1/gems/rack-1.5.2/lib/rack/chunked.rb:43:in `call'
	c:/Ruby193/lib/ruby/gems/1.9.1/gems/rack-1.5.2/lib/rack/content_length.rb:14:in `call'
	c:/Ruby193/lib/ruby/gems/1.9.1/gems/rack-1.5.2/lib/rack/handler/webrick.rb:60:in `service'
	c:/Ruby193/lib/ruby/1.9.1/webrick/httpserver.rb:138:in `service'
	c:/Ruby193/lib/ruby/1.9.1/webrick/httpserver.rb:94:in `run'
	c:/Ruby193/lib/ruby/1.9.1/webrick/server.rb:191:in `block in start_thread'
